This is pdfTeX, Version 3.14159265-2.6-1.40.16 (TeX Live 2015/Debian) (preloaded format=pdflatex 2016.8.16)  5 SEP 2016 16:45
entering extended mode
 restricted \write18 enabled.
 %&-line parsing enabled.
**acl2014.tex
(./acl2014.tex
LaTeX2e <2016/02/01>
Babel <3.9q> and hyphenation patterns for 10 language(s) loaded.
(/usr/share/texlive/texmf-dist/tex/latex/base/article.cls
Document Class: article 2014/09/29 v1.4h Standard LaTeX document class
(/usr/share/texlive/texmf-dist/tex/latex/base/size11.clo
File: size11.clo 2014/09/29 v1.4h Standard LaTeX file (size option)
)
\c@part=\count79
\c@section=\count80
\c@subsection=\count81
\c@subsubsection=\count82
\c@paragraph=\count83
\c@subparagraph=\count84
\c@figure=\count85
\c@table=\count86
\abovecaptionskip=\skip41
\belowcaptionskip=\skip42
\bibindent=\dimen102
) (./acl2014.sty
Conference Style for ACL 2014 -- released October 2, 2013
\titlebox=\skip43
) (/usr/share/texlive/texmf-dist/tex/latex/psnfss/times.sty
Package: times 2005/04/12 PSNFSS-v9.2a (SPQR) 
)
(/usr/share/texlive/texmf-dist/tex/latex/url/url.sty
\Urlmuskip=\muskip10
Package: url 2013/09/16  ver 3.4  Verb mode for urls, etc.
)
(/usr/share/texlive/texmf-dist/tex/latex/base/latexsym.sty
Package: latexsym 1998/08/17 v2.2e Standard LaTeX package (lasy symbols)
\symlasy=\mathgroup4
LaTeX Font Info:    Overwriting symbol font `lasy' in version `bold'
(Font)                  U/lasy/m/n --> U/lasy/b/n on input line 52.
) (./acl2014.aux)
\openout1 = `acl2014.aux'.

LaTeX Font Info:    Checking defaults for OML/cmm/m/it on input line 42.
LaTeX Font Info:    ... okay on input line 42.
LaTeX Font Info:    Checking defaults for T1/cmr/m/n on input line 42.
LaTeX Font Info:    ... okay on input line 42.
LaTeX Font Info:    Checking defaults for OT1/cmr/m/n on input line 42.
LaTeX Font Info:    ... okay on input line 42.
LaTeX Font Info:    Checking defaults for OMS/cmsy/m/n on input line 42.
LaTeX Font Info:    ... okay on input line 42.
LaTeX Font Info:    Checking defaults for OMX/cmex/m/n on input line 42.
LaTeX Font Info:    ... okay on input line 42.
LaTeX Font Info:    Checking defaults for U/cmr/m/n on input line 42.
LaTeX Font Info:    ... okay on input line 42.
LaTeX Font Info:    Try loading font information for OT1+ptm on input line 42.

(/usr/share/texlive/texmf-dist/tex/latex/psnfss/ot1ptm.fd
File: ot1ptm.fd 2001/06/04 font definitions for OT1/ptm.
)
LaTeX Font Info:    Font shape `OT1/ptm/bx/n' in size <14.4> not available
(Font)              Font shape `OT1/ptm/b/n' tried instead on input line 43.
LaTeX Font Info:    External font `cmex10' loaded for size
(Font)              <12> on input line 43.
LaTeX Font Info:    External font `cmex10' loaded for size
(Font)              <8> on input line 43.
LaTeX Font Info:    External font `cmex10' loaded for size
(Font)              <6> on input line 43.
LaTeX Font Info:    Try loading font information for U+lasy on input line 43.

(/usr/share/texlive/texmf-dist/tex/latex/base/ulasy.fd
File: ulasy.fd 1998/08/17 v2.2e LaTeX symbol font definitions
)
LaTeX Font Info:    Font shape `OT1/ptm/bx/n' in size <12> not available
(Font)              Font shape `OT1/ptm/b/n' tried instead on input line 43.
Missing character: There is no ƒ in font ptmb7t!
Missing character: There is no ç in font ptmb7t!
Missing character: There is no √ in font ptmr7t!
Missing character: There is no º in font ptmr7t!
Missing character: There is no √ in font ptmr7t!
Missing character: There is no º in font ptmr7t!

(./Chapters/Introduction.tex
Missing character: There is no √ in font ptmr7t!
Missing character: There is no Ñ in font ptmr7t!

Underfull \hbox (badness 1990) in paragraph at lines 2--10
\OT1/ptm/m/n/10.95 the Nether-lands or the Czech Re-pub-lic eveb
 []


Underfull \hbox (badness 1655) in paragraph at lines 2--10
\OT1/ptm/m/n/10.95 Through new tech-nolo-gies and the fall away
 []


Underfull \hbox (badness 10000) in paragraph at lines 2--10
\OT1/ptm/m/n/10.95 VERGLEICH VER-SCHIEDENER ANSTZE?
 []


Underfull \hbox (badness 10000) in paragraph at lines 2--10
\OT1/ptm/m/n/10.95 LIN-EARE RE-GRES-SION / NEU-RONALE
 []


Underfull \hbox (badness 1577) in paragraph at lines 2--10
\OT1/ptm/m/n/10.95 vided us with ad-dional test- and trial-tweets.
 []

) (./Chapters/Data.tex) (./Chapters/Approaches.tex
Underfull \hbox (badness 1668) in paragraph at lines 2--1
\OT1/ptm/m/it/10.95 other \OT1/ptm/m/n/10.95 for emoti-cons, nick-names or gib-
ber-ish.
 []


Underfull \hbox (badness 3158) in paragraph at lines 2--1
\OT1/ptm/m/n/10.95 punc-tu-a-tion marks or emoti-cons are di-rectly
 []


Underfull \hbox (badness 10000) in paragraph at lines 2--1
\OT1/ptm/m/n/10.95 Lets say the data gives us the tweet:
 []


Underfull \hbox (badness 10000) in paragraph at lines 2--1

 []

[1{/var/lib/texmf/fonts/map/pdftex/updmap/pdftex.map}



])
(./Chapters/Evaluation.tex
Underfull \hbox (badness 1024) in paragraph at lines 2--1
\OT1/ptm/m/n/10.95 in-side a tweet. For this we use a two step
 []


Underfull \hbox (badness 10000) in paragraph at lines 2--1

 []

) (./Chapters/Summary.tex)
LaTeX Font Info:    External font `cmex10' loaded for size
(Font)              <7> on input line 59.
LaTeX Font Info:    External font `cmex10' loaded for size
(Font)              <5> on input line 59.

Underfull \hbox (badness 10000) in paragraph at lines 59--60
\OT1/ptm/m/n/10 guage Pro-cess-ing ,\OT1/ptm/m/it/10 First Work-shop on Com-
 []


Underfull \hbox (badness 10000) in paragraph at lines 59--60
\OT1/ptm/m/it/10 pu-ta-tional Ap-proaches to Code Switch-ing\OT1/ptm/m/n/10 ,
 []


Overfull \hbox (16.09677pt too wide) in paragraph at lines 59--60
\OML/cmm/m/it/10 emnlp\OT1/cmr/m/n/10 2014\OML/cmm/m/it/10 :org=workshops=CodeS
witch=call:html$\OT1/ptm/m/n/10 ,
 []

[2

] (./acl2014.aux) ) 
Here is how much of TeX's memory you used:
 436 strings out of 494860
 5377 string characters out of 6177602
 57971 words of memory out of 5000000
 3772 multiletter control sequences out of 15000+600000
 19194 words of font info for 45 fonts, out of 8000000 for 9000
 36 hyphenation exceptions out of 8191
 22i,9n,19p,840b,224s stack positions out of 5000i,500n,10000p,200000b,80000s
{/usr/share/texlive/texmf-dist/fonts/enc/dvips/base/8r.enc}<
/usr/share/texlive/texmf-dist/fonts/type1/public/amsfonts/cm/cmmi10.pfb></usr/s
hare/texlive/texmf-dist/fonts/type1/public/amsfonts/cm/cmr10.pfb></usr/share/te
xlive/texmf-dist/fonts/type1/urw/times/utmb8a.pfb></usr/share/texlive/texmf-dis
t/fonts/type1/urw/times/utmr8a.pfb></usr/share/texlive/texmf-dist/fonts/type1/u
rw/times/utmri8a.pfb>
Output written on acl2014.pdf (2 pages, 67825 bytes).
PDF statistics:
 32 PDF objects out of 1000 (max. 8388607)
 22 compressed objects within 1 object stream
 0 named destinations out of 1000 (max. 500000)
 1 words of extra memory for PDF output out of 10000 (max. 10000000)

